#
# There is insufficient memory for the Java Runtime Environment to continue.
# Native memory allocation (malloc) failed to allocate 32744 bytes for ChunkPool::allocate
# Possible reasons:
#   The system is out of physical RAM or swap space
#   The process is running with CompressedOops enabled, and the Java Heap may be blocking the growth of the native heap
# Possible solutions:
#   Reduce memory load on the system
#   Increase physical memory or swap space
#   Check if swap backing store is full
#   Decrease Java heap size (-Xmx/-Xms)
#   Decrease number of Java threads
#   Decrease Java thread stack sizes (-Xss)
#   Set larger code cache with -XX:ReservedCodeCacheSize=
#   JVM is running with Unscaled Compressed Oops mode in which the Java heap is
#     placed in the first 4GB address space. The Java Heap base address is the
#     maximum limit for the native heap growth. Please use -XX:HeapBaseMinAddress
#     to set the Java Heap base and to place the Java Heap above 4GB virtual address.
# This output file may be truncated or incomplete.
#
#  Out of Memory Error (allocation.cpp:272), pid=22924, tid=0x0000000000004a88
#
# JRE version: Java(TM) SE Runtime Environment (8.0_241-b07) (build 1.8.0_241-b07)
# Java VM: Java HotSpot(TM) 64-Bit Server VM (25.241-b07 mixed mode windows-amd64 compressed oops)
# Failed to write core dump. Minidumps are not enabled by default on client versions of Windows
#

---------------  T H R E A D  ---------------

Current thread (0x000000001a30c800):  JavaThread "C1 CompilerThread3" daemon [_thread_in_native, id=19080, stack(0x000000001b3a0000,0x000000001b4a0000)]

Stack: [0x000000001b3a0000,0x000000001b4a0000]
[error occurred during error reporting (printing stack bounds), id 0xc0000005]

Native frames: (J=compiled Java code, j=interpreted, Vv=VM code, C=native code)


Current CompileTask:
C1:  36836  706       1       java.util.zip.ZipEntry::setExtra0 (360 bytes)


---------------  P R O C E S S  ---------------

Java Threads: ( => current thread )
  0x000000001bbd9000 JavaThread "RMI TCP Accept-0" daemon [_thread_in_native, id=15996, stack(0x000000001bfa0000,0x000000001c0a0000)]
  0x000000001bbc7800 JavaThread "RMI TCP Accept-62771" daemon [_thread_in_native, id=5608, stack(0x000000001bea0000,0x000000001bfa0000)]
  0x000000001bbb9800 JavaThread "RMI TCP Accept-0" daemon [_thread_in_native, id=8316, stack(0x000000001bda0000,0x000000001bea0000)]
  0x000000001a316000 JavaThread "Service Thread" daemon [_thread_blocked, id=13888, stack(0x000000001b4a0000,0x000000001b5a0000)]
=>0x000000001a30c800 JavaThread "C1 CompilerThread3" daemon [_thread_in_native, id=19080, stack(0x000000001b3a0000,0x000000001b4a0000)]
  0x000000001a30a800 JavaThread "C2 CompilerThread2" daemon [_thread_blocked, id=15916, stack(0x000000001b2a0000,0x000000001b3a0000)]
  0x000000001a308000 JavaThread "C2 CompilerThread1" daemon [_thread_blocked, id=3084, stack(0x000000001b1a0000,0x000000001b2a0000)]
  0x000000001a2ac800 JavaThread "C2 CompilerThread0" daemon [_thread_blocked, id=28964, stack(0x000000001b0a0000,0x000000001b1a0000)]
  0x000000001a29e800 JavaThread "JDWP Command Reader" daemon [_thread_in_native, id=24036, stack(0x000000001afa0000,0x000000001b0a0000)]
  0x000000001a299800 JavaThread "JDWP Event Helper Thread" daemon [_thread_blocked, id=24032, stack(0x000000001aea0000,0x000000001afa0000)]
  0x000000001a28e000 JavaThread "JDWP Transport Listener: dt_socket" daemon [_thread_blocked, id=24028, stack(0x000000001ada0000,0x000000001aea0000)]
  0x000000001a284000 JavaThread "Attach Listener" daemon [_thread_blocked, id=22932, stack(0x000000001a960000,0x000000001aa60000)]
  0x000000001a282800 JavaThread "Signal Dispatcher" daemon [_thread_blocked, id=22672, stack(0x000000001a860000,0x000000001a960000)]
  0x0000000018386000 JavaThread "Finalizer" daemon [_thread_blocked, id=23432, stack(0x000000001a650000,0x000000001a750000)]
  0x000000001837e800 JavaThread "Reference Handler" daemon [_thread_blocked, id=23424, stack(0x000000001a150000,0x000000001a250000)]
  0x0000000003319800 JavaThread "main" [_thread_in_vm, id=23144, stack(0x0000000003210000,0x0000000003310000)]

Other Threads:
  0x000000000340e000 VMThread [stack: 0x000000001a050000,0x000000001a150000] [id=23404]
  0x000000001bbda000 WatcherThread [stack: 0x000000001c0a0000,0x000000001c1a0000] [id=4276]

VM state:not at safepoint (normal execution)

VM Mutex/Monitor currently owned by a thread: None

heap address: 0x0000000082000000, size: 2016 MB, Compressed Oops mode: 32-bit
Narrow klass base: 0x0000000000000000, Narrow klass shift: 3
Compressed class space size: 1073741824 Address: 0x0000000100000000

Heap:
 PSYoungGen      total 37888K, used 28603K [0x00000000d6000000, 0x00000000d8a00000, 0x0000000100000000)
  eden space 32768K, 87% used [0x00000000d6000000,0x00000000d7beecb0,0x00000000d8000000)
  from space 5120K, 0% used [0x00000000d8500000,0x00000000d8500000,0x00000000d8a00000)
  to   space 5120K, 0% used [0x00000000d8000000,0x00000000d8000000,0x00000000d8500000)
 ParOldGen       total 86016K, used 0K [0x0000000082000000, 0x0000000087400000, 0x00000000d6000000)
  object space 86016K, 0% used [0x0000000082000000,0x0000000082000000,0x0000000087400000)
 Metaspace       used 9560K, capacity 9692K, committed 9984K, reserved 1058816K
  class space    used 1165K, capacity 1230K, committed 1280K, reserved 1048576K

Card table byte_map: [0x00000000127d0000,0x0000000012bd0000] byte_map_base: 0x00000000123c0000

Marking Bits: (ParMarkBitMap*) 0x000000006f0ebe30
 Begin Bits: [0x0000000013670000, 0x00000000155f0000)
 End Bits:   [0x00000000155f0000, 0x0000000017570000)

Polling page: 0x0000000001790000

CodeCache: size=245760Kb used=2237Kb max_used=2237Kb free=243522Kb
 bounds [0x0000000003410000, 0x0000000003680000, 0x0000000012410000]
 total_blobs=1057 nmethods=705 adapters=273
 compilation: enabled

Compilation events (10 events):
Event: 35.892 Thread 0x000000001a30c800 nmethod 701 0x000000000363b890 code [0x000000000363b9e0, 0x000000000363baf0]
Event: 35.892 Thread 0x000000001a30c800  702       1       java.util.concurrent.locks.AbstractQueuedSynchronizer::getState (5 bytes)
Event: 35.893 Thread 0x000000001a30c800 nmethod 702 0x000000000363bb50 code [0x000000000363bca0, 0x000000000363bdb0]
Event: 35.914 Thread 0x000000001a30c800  703       1       java.util.zip.ZipEntry::<init> (146 bytes)
Event: 35.914 Thread 0x000000001a30c800 nmethod 703 0x000000000363be10 code [0x000000000363bf80, 0x000000000363c268]
Event: 35.923 Thread 0x000000001a30c800  704       1       java.net.URLStreamHandler::toExternalForm (219 bytes)
Event: 35.926 Thread 0x000000001a30c800 nmethod 704 0x000000000363c3d0 code [0x000000000363c660, 0x000000000363dd28]
Event: 35.933 Thread 0x000000001a30c800  705       1       java.io.File::<init> (113 bytes)
Event: 35.934 Thread 0x000000001a30c800 nmethod 705 0x000000000363ea50 code [0x000000000363ec60, 0x000000000363f228]
Event: 35.952 Thread 0x000000001a30c800  706       1       java.util.zip.ZipEntry::setExtra0 (360 bytes)

GC Heap History (0 events):
No events

Deoptimization events (0 events):
No events

Classes redefined (0 events):
No events

Internal exceptions (10 events):
Event: 7.863 Thread 0x0000000003319800 Exception <a 'java/security/PrivilegedActionException'> (0x00000000d662aca0) thrown at [C:\ade\jenkins\workspace\8-2-build-windows-amd64-cygwin\jdk8u241\331\hotspot\src\share\vm\prims\jvm.cpp, line 1502]
Event: 7.864 Thread 0x0000000003319800 Exception <a 'java/security/PrivilegedActionException'> (0x00000000d662bf50) thrown at [C:\ade\jenkins\workspace\8-2-build-windows-amd64-cygwin\jdk8u241\331\hotspot\src\share\vm\prims\jvm.cpp, line 1502]
Event: 7.864 Thread 0x0000000003319800 Exception <a 'java/security/PrivilegedActionException'> (0x00000000d662c160) thrown at [C:\ade\jenkins\workspace\8-2-build-windows-amd64-cygwin\jdk8u241\331\hotspot\src\share\vm\prims\jvm.cpp, line 1502]
Event: 7.864 Thread 0x0000000003319800 Exception <a 'java/security/PrivilegedActionException'> (0x00000000d662d538) thrown at [C:\ade\jenkins\workspace\8-2-build-windows-amd64-cygwin\jdk8u241\331\hotspot\src\share\vm\prims\jvm.cpp, line 1502]
Event: 7.864 Thread 0x0000000003319800 Exception <a 'java/security/PrivilegedActionException'> (0x00000000d662d748) thrown at [C:\ade\jenkins\workspace\8-2-build-windows-amd64-cygwin\jdk8u241\331\hotspot\src\share\vm\prims\jvm.cpp, line 1502]
Event: 22.765 Thread 0x0000000003319800 Exception <a 'java/lang/ClassNotFoundException': javax/management/remote/rmi/RMIJRMPServerImpl$ExportedWrapper_Stub> (0x00000000d6705aa0) thrown at [C:\ade\jenkins\workspace\8-2-build-windows-amd64-cygwin\jdk8u241\331\hotspot\src\share\vm\classfile\system
Event: 24.802 Thread 0x0000000003319800 Exception <a 'java/lang/NoSuchFieldError': method resolution failed> (0x00000000d67e3330) thrown at [C:\ade\jenkins\workspace\8-2-build-windows-amd64-cygwin\jdk8u241\331\hotspot\src\share\vm\prims\methodHandles.cpp, line 1167]
Event: 24.811 Thread 0x0000000003319800 Exception <a 'java/lang/NoSuchFieldError': method resolution failed> (0x00000000d67f0b00) thrown at [C:\ade\jenkins\workspace\8-2-build-windows-amd64-cygwin\jdk8u241\331\hotspot\src\share\vm\prims\methodHandles.cpp, line 1167]
Event: 30.393 Thread 0x0000000003319800 Exception <a 'java/io/FileNotFoundException'> (0x00000000d6dc8280) thrown at [C:\ade\jenkins\workspace\8-2-build-windows-amd64-cygwin\jdk8u241\331\hotspot\src\share\vm\prims\jni.cpp, line 710]
Event: 35.935 Thread 0x0000000003319800 Exception <a 'java/lang/ArrayIndexOutOfBoundsException'> (0x00000000d7b446e0) thrown at [C:\ade\jenkins\workspace\8-2-build-windows-amd64-cygwin\jdk8u241\331\hotspot\src\share\vm\runtime\sharedRuntime.cpp, line 605]

Events (10 events):
Event: 35.942 Thread 0x0000000003319800 DEOPT PACKING pc=0x00000000035f60fc sp=0x000000000330af00
Event: 35.942 Thread 0x0000000003319800 DEOPT UNPACKING pc=0x0000000003457890 sp=0x000000000330ad20 mode 1
Event: 35.945 loading class org/springframework/boot/context/event/ApplicationFailedEvent
Event: 35.945 loading class org/springframework/boot/context/event/ApplicationFailedEvent done
Event: 35.945 Thread 0x0000000003319800 DEOPT PACKING pc=0x000000000362c509 sp=0x000000000330d1f0
Event: 35.945 Thread 0x0000000003319800 DEOPT UNPACKING pc=0x0000000003457890 sp=0x000000000330cf40 mode 1
Event: 35.945 Thread 0x0000000003319800 DEOPT PACKING pc=0x00000000035f61b4 sp=0x000000000330d270
Event: 35.945 Thread 0x0000000003319800 DEOPT UNPACKING pc=0x0000000003457890 sp=0x000000000330d090 mode 1
Event: 35.945 Thread 0x0000000003319800 DEOPT PACKING pc=0x00000000035f60fc sp=0x000000000330d400
Event: 35.945 Thread 0x0000000003319800 DEOPT UNPACKING pc=0x0000000003457890 sp=0x000000000330d220 mode 1


Dynamic libraries:
0x00007ff634bf0000 - 0x00007ff634c27000 	C:\Program Files\Java\jre1.8.0_241\bin\javaw.exe
0x00007ffd0c3a0000 - 0x00007ffd0c590000 	C:\WINDOWS\SYSTEM32\ntdll.dll
0x00007ffd0b7b0000 - 0x00007ffd0b862000 	C:\WINDOWS\System32\KERNEL32.DLL
0x00007ffd09740000 - 0x00007ffd099e3000 	C:\WINDOWS\System32\KERNELBASE.dll
0x00007ffd0a9f0000 - 0x00007ffd0aa93000 	C:\WINDOWS\System32\ADVAPI32.dll
0x00007ffd0aaa0000 - 0x00007ffd0ab3e000 	C:\WINDOWS\System32\msvcrt.dll
0x00007ffd0a500000 - 0x00007ffd0a597000 	C:\WINDOWS\System32\sechost.dll
0x00007ffd0c0c0000 - 0x00007ffd0c1e0000 	C:\WINDOWS\System32\RPCRT4.dll
0x00007ffd0a7d0000 - 0x00007ffd0a964000 	C:\WINDOWS\System32\USER32.dll
0x00007ffd09710000 - 0x00007ffd09731000 	C:\WINDOWS\System32\win32u.dll
0x00007ffd0b230000 - 0x00007ffd0b256000 	C:\WINDOWS\System32\GDI32.dll
0x00007ffd09a50000 - 0x00007ffd09be4000 	C:\WINDOWS\System32\gdi32full.dll
0x00007ffd09670000 - 0x00007ffd0970e000 	C:\WINDOWS\System32\msvcp_win.dll
0x00007ffd09570000 - 0x00007ffd0966a000 	C:\WINDOWS\System32\ucrtbase.dll
0x00007ffd00450000 - 0x00007ffd006d5000 	C:\WINDOWS\WinSxS\amd64_microsoft.windows.common-controls_6595b64144ccf1df_6.0.18362.778_none_e6c6b761130d4fb8\COMCTL32.dll
0x00007ffd0b870000 - 0x00007ffd0bba6000 	C:\WINDOWS\System32\combase.dll
0x00007ffd094f0000 - 0x00007ffd09570000 	C:\WINDOWS\System32\bcryptPrimitives.dll
0x00007ffd0a650000 - 0x00007ffd0a67e000 	C:\WINDOWS\System32\IMM32.DLL
0x000000006de50000 - 0x000000006df22000 	C:\Program Files\Java\jre1.8.0_241\bin\msvcr100.dll
0x000000006e8c0000 - 0x000000006f16c000 	C:\Program Files\Java\jre1.8.0_241\bin\server\jvm.dll
0x00007ffd0bfe0000 - 0x00007ffd0bfe8000 	C:\WINDOWS\System32\PSAPI.DLL
0x00007ffd003f0000 - 0x00007ffd003f9000 	C:\WINDOWS\SYSTEM32\WSOCK32.dll
0x00007ffd00710000 - 0x00007ffd00734000 	C:\WINDOWS\SYSTEM32\WINMM.dll
0x00007ffd0bf00000 - 0x00007ffd0bf6f000 	C:\WINDOWS\System32\WS2_32.dll
0x00007ffd009f0000 - 0x00007ffd009fa000 	C:\WINDOWS\SYSTEM32\VERSION.dll
0x00007ffd006e0000 - 0x00007ffd0070d000 	C:\WINDOWS\SYSTEM32\winmmbase.dll
0x00007ffd094a0000 - 0x00007ffd094ea000 	C:\WINDOWS\System32\cfgmgr32.dll
0x00007ffcf4a80000 - 0x00007ffcf4a8f000 	C:\Program Files\Java\jre1.8.0_241\bin\verify.dll
0x00007ffcd7390000 - 0x00007ffcd73b9000 	C:\Program Files\Java\jre1.8.0_241\bin\java.dll
0x00007ffcedef0000 - 0x00007ffcedf25000 	C:\Program Files\Java\jre1.8.0_241\bin\jdwp.dll
0x00007ffcf12f0000 - 0x00007ffcf12f8000 	C:\Program Files\Java\jre1.8.0_241\bin\npt.dll
0x00007ffcd95b0000 - 0x00007ffcd95c6000 	C:\Program Files\Java\jre1.8.0_241\bin\zip.dll
0x00007ffd0ab40000 - 0x00007ffd0b225000 	C:\WINDOWS\System32\SHELL32.dll
0x00007ffd0a5a0000 - 0x00007ffd0a649000 	C:\WINDOWS\System32\shcore.dll
0x00007ffd09c20000 - 0x00007ffd0a3a0000 	C:\WINDOWS\System32\windows.storage.dll
0x00007ffd092b0000 - 0x00007ffd092d3000 	C:\WINDOWS\System32\profapi.dll
0x00007ffd092e0000 - 0x00007ffd0932a000 	C:\WINDOWS\System32\powrprof.dll
0x00007ffd09260000 - 0x00007ffd09270000 	C:\WINDOWS\System32\UMPDC.dll
0x00007ffd0a680000 - 0x00007ffd0a6d2000 	C:\WINDOWS\System32\shlwapi.dll
0x00007ffd09290000 - 0x00007ffd092a1000 	C:\WINDOWS\System32\kernel.appcore.dll
0x00007ffd09480000 - 0x00007ffd09497000 	C:\WINDOWS\System32\cryptsp.dll
0x00007ffcf12c0000 - 0x00007ffcf12c9000 	C:\Program Files\Java\jre1.8.0_241\bin\dt_socket.dll
0x00007ffcfbc20000 - 0x00007ffcfbc36000 	C:\WINDOWS\system32\napinsp.dll
0x00007ffcfbc00000 - 0x00007ffcfbc1a000 	C:\WINDOWS\system32\pnrpnsp.dll
0x00007ffd08a70000 - 0x00007ffd08ad7000 	C:\WINDOWS\System32\mswsock.dll
0x00007ffd08820000 - 0x00007ffd088ea000 	C:\WINDOWS\SYSTEM32\DNSAPI.dll
0x00007ffd0a6e0000 - 0x00007ffd0a6e8000 	C:\WINDOWS\System32\NSI.dll
0x00007ffd08780000 - 0x00007ffd087ba000 	C:\WINDOWS\SYSTEM32\IPHLPAPI.DLL
0x00007ffcfbbf0000 - 0x00007ffcfbbfe000 	C:\WINDOWS\System32\winrnr.dll
0x00007ffd05df0000 - 0x00007ffd05e0c000 	C:\WINDOWS\system32\NLAapi.dll
0x00007ffd03810000 - 0x00007ffd03825000 	C:\WINDOWS\system32\wshbth.dll
0x00007ffd01490000 - 0x00007ffd01507000 	C:\WINDOWS\System32\fwpuclnt.dll
0x00007ffd09bf0000 - 0x00007ffd09c16000 	C:\WINDOWS\System32\bcrypt.dll
0x00007ffcfe4a0000 - 0x00007ffcfe4aa000 	C:\Windows\System32\rasadhlp.dll
0x00007ffcf47c0000 - 0x00007ffcf47cd000 	C:\Program Files\Java\jre1.8.0_241\bin\management.dll
0x00007ffcd9460000 - 0x00007ffcd947a000 	C:\Program Files\Java\jre1.8.0_241\bin\net.dll
0x00007ffcd93f0000 - 0x00007ffcd9402000 	C:\Program Files\Java\jre1.8.0_241\bin\nio.dll
0x00007ffd085e0000 - 0x00007ffd08613000 	C:\WINDOWS\system32\rsaenh.dll
0x00007ffd09150000 - 0x00007ffd09175000 	C:\WINDOWS\SYSTEM32\USERENV.dll
0x00007ffd08c40000 - 0x00007ffd08c4c000 	C:\WINDOWS\SYSTEM32\CRYPTBASE.dll
0x00007ffd01a90000 - 0x00007ffd01aa6000 	C:\WINDOWS\SYSTEM32\dhcpcsvc6.DLL
0x00007ffd01c80000 - 0x00007ffd01c9c000 	C:\WINDOWS\SYSTEM32\dhcpcsvc.DLL

VM Arguments:
jvm_args: -agentlib:jdwp=transport=dt_socket,suspend=y,address=localhost:62898 -Dcom.sun.management.jmxremote -Dcom.sun.management.jmxremote.port=62771 -Dcom.sun.management.jmxremote.authenticate=false -Dcom.sun.management.jmxremote.ssl=false -Djava.rmi.server.hostname=localhost -Dspring.jmx.enabled=true -Dspring.application.admin.enabled=true -Xverify:none -XX:TieredStopAtLevel=1 -Dspring.boot.project.name=booking-ms -Dfile.encoding=UTF-8 
java_command: com.capg.mms.booking.MmsBookingApplication --spring.output.ansi.enabled=always
java_class_path (initial): C:\Users\kumar\git\capg-bvrit-b1-online-movie-ticket-system\booking-ms\target\classes;C:\Users\kumar\.m2\repository\org\springframework\cloud\spring-cloud-starter-netflix-eureka-client\2.2.2.RELEASE\spring-cloud-starter-netflix-eureka-client-2.2.2.RELEASE.jar;C:\Users\kumar\.m2\repository\org\springframework\cloud\spring-cloud-starter\2.2.2.RELEASE\spring-cloud-starter-2.2.2.RELEASE.jar;C:\Users\kumar\.m2\repository\org\springframework\cloud\spring-cloud-context\2.2.2.RELEASE\spring-cloud-context-2.2.2.RELEASE.jar;C:\Users\kumar\.m2\repository\org\springframework\security\spring-security-crypto\5.2.2.RELEASE\spring-security-crypto-5.2.2.RELEASE.jar;C:\Users\kumar\.m2\repository\org\springframework\cloud\spring-cloud-commons\2.2.2.RELEASE\spring-cloud-commons-2.2.2.RELEASE.jar;C:\Users\kumar\.m2\repository\org\springframework\security\spring-security-rsa\1.0.9.RELEASE\spring-security-rsa-1.0.9.RELEASE.jar;C:\Users\kumar\.m2\repository\org\bouncycastle\bcpkix-jdk15on\1.64\bcpkix-jdk15on-1.64.jar;C:\Users\kumar\.m2\repository\org\bouncycastle\bcprov-jdk15on\1.64\bcprov-jdk15on-1.64.jar;C:\Users\kumar\.m2\repository\org\springframework\cloud\spring-cloud-netflix-hystrix\2.2.2.RELEASE\spring-cloud-netflix-hystrix-2.2.2.RELEASE.jar;C:\Users\kumar\.m2\repository\org\springframework\cloud\spring-cloud-netflix-eureka-client\2.2.2.RELEASE\spring-cloud-netflix-eureka-client-2.2.2.RELEASE.jar;C:\Users\kumar\.m2\repository\com\netflix\eureka\eureka-client\1.9.17\eureka-client-1.9.17.jar;C:\Users\kumar\.m2\repository\org\codehaus\jettison\jettison\1.3.7\jettison-1.3.7.jar;C:\Users\kumar\.m2\repository\stax\stax-api\1.0.1\stax-api-1.0.1.jar;C:\Users\kumar\.m2\repository\com\netflix\netflix-commons\netflix-eventbus\0.3.0\netflix-eventbus-0.3.0.jar;C:\Users\kumar\.m2\repository\com\netflix\netflix-commons\netflix-infix\0.3.0\netflix-infix-0.3.0.jar;C:\Users\kumar\.m2\repository\commons-jxpath\commons-jxpath\1.3\commons-jxpath-1.3.jar;C:\Users\kumar\.m2\r
Launcher Type: SUN_STANDARD

Environment Variables:
PATH=C:/Program Files/Java/jre1.8.0_241/bin/server;C:/Program Files/Java/jre1.8.0_241/bin;C:/Program Files/Java/jre1.8.0_241/lib/amd64;C:\oraclexe\app\oracle\product\11.2.0\server\bin;;V:\app\Revanth\product\11.2.0\dbhome_4\bin;C:\Program Files (x86)\Common Files\Oracle\Java\javapath;C:\Program Files (x86)\Intel\Intel(R) Management Engine Components\iCLS\;C:\Program Files\Intel\Intel(R) Management Engine Components\iCLS\;C:\WINDOWS\system32;C:\WINDOWS;C:\WINDOWS\System32\Wbem;C:\WINDOWS\System32\WindowsPowerShell\v1.0\;C:\Program Files (x86)\Intel\Intel(R) Management Engine Components\DAL;C:\Program Files\Intel\Intel(R) Management Engine Components\DAL;C:\Program Files (x86)\Intel\Intel(R) Management Engine Components\IPT;C:\Program Files\Intel\Intel(R) Management Engine Components\IPT;C:\Program Files\nodejs\;C:\WINDOWS\System32\OpenSSH\;C:\Program Files\MySQL\MySQL Utilities 1.6\;C:\Program Files\MySQL\MySQL Shell 8.0\bin\;C:\Users\kumar\AppData\Local\Microsoft\WindowsApps;;C:\Microsoft VS Code\bin;C:\Users\kumar\AppData\Roaming\npm;C:\Users\kumar\Downloads\sts-4.5.1.RELEASE;
USERNAME=Revanth
OS=Windows_NT
PROCESSOR_IDENTIFIER=Intel64 Family 6 Model 142 Stepping 10, GenuineIntel



---------------  S Y S T E M  ---------------

OS: Windows 10.0 , 64 bit Build 18362 (10.0.18362.778)

CPU:total 8 (initial active 8) (4 cores per cpu, 2 threads per core) family 6 model 142 stepping 10, cmov, cx8, fxsr, mmx, sse, sse2, sse3, ssse3, sse4.1, sse4.2, popcnt, avx, avx2, aes, clmul, erms, 3dnowpref, lzcnt, ht, tsc, tscinvbit, bmi1, bmi2, adx

Memory: 4k page, physical 8250512k(16620k free), swap 33416336k(40k free)

vm_info: Java HotSpot(TM) 64-Bit Server VM (25.241-b07) for windows-amd64 JRE (1.8.0_241-b07), built on Dec 11 2019 10:21:40 by "rejava" with MS VC++ 10.0 (VS2010)

time: Mon May 11 17:30:50 2020
timezone: India Standard Time
elapsed time: 37 seconds (0d 0h 0m 37s)

