#
# There is insufficient memory for the Java Runtime Environment to continue.
# Native memory allocation (malloc) failed to allocate 300656 bytes for Chunk::new
# Possible reasons:
#   The system is out of physical RAM or swap space
#   The process is running with CompressedOops enabled, and the Java Heap may be blocking the growth of the native heap
# Possible solutions:
#   Reduce memory load on the system
#   Increase physical memory or swap space
#   Check if swap backing store is full
#   Decrease Java heap size (-Xmx/-Xms)
#   Decrease number of Java threads
#   Decrease Java thread stack sizes (-Xss)
#   Set larger code cache with -XX:ReservedCodeCacheSize=
#   JVM is running with Unscaled Compressed Oops mode in which the Java heap is
#     placed in the first 4GB address space. The Java Heap base address is the
#     maximum limit for the native heap growth. Please use -XX:HeapBaseMinAddress
#     to set the Java Heap base and to place the Java Heap above 4GB virtual address.
# This output file may be truncated or incomplete.
#
#  Out of Memory Error (allocation.cpp:389), pid=13320, tid=0x0000000000007390
#
# JRE version: Java(TM) SE Runtime Environment (8.0_241-b07) (build 1.8.0_241-b07)
# Java VM: Java HotSpot(TM) 64-Bit Server VM (25.241-b07 mixed mode windows-amd64 compressed oops)
# Failed to write core dump. Minidumps are not enabled by default on client versions of Windows
#

---------------  T H R E A D  ---------------

Current thread (0x000000001948c800):  JavaThread "C2 CompilerThread2" daemon [_thread_in_native, id=29584, stack(0x000000001a410000,0x000000001a510000)]

Stack: [0x000000001a410000,0x000000001a510000]
[error occurred during error reporting (printing stack bounds), id 0xc0000005]

Native frames: (J=compiled Java code, j=interpreted, Vv=VM code, C=native code)


Current CompileTask:
C2:  60670 1501       4       org.springframework.boot.context.properties.source.SpringIterableConfigurationPropertySource$$Lambda$49/449954768::test (12 bytes)


---------------  P R O C E S S  ---------------

Java Threads: ( => current thread )
  0x000000001b1c8000 JavaThread "background-preinit" [_thread_blocked, id=9624, stack(0x000000001c920000,0x000000001ca20000)]
  0x000000001b6ec800 JavaThread "restartedMain" [_thread_in_vm, id=11196, stack(0x000000001c720000,0x000000001c820000)]
  0x000000001b6ec000 JavaThread "Thread-1" [_thread_blocked, id=31640, stack(0x000000001c620000,0x000000001c720000)]
  0x000000001aeeb000 JavaThread "RMI TCP Accept-0" daemon [_thread_in_native, id=31276, stack(0x000000001c0e0000,0x000000001c1e0000)]
  0x000000001ae4a800 JavaThread "RMI TCP Accept-62733" daemon [_thread_in_native, id=31164, stack(0x000000001bfe0000,0x000000001c0e0000)]
  0x000000001aef4000 JavaThread "RMI TCP Accept-0" daemon [_thread_in_native, id=20796, stack(0x000000001bee0000,0x000000001bfe0000)]
  0x0000000019499000 JavaThread "Service Thread" daemon [_thread_blocked, id=29908, stack(0x000000001a610000,0x000000001a710000)]
  0x000000001948f000 JavaThread "C1 CompilerThread3" daemon [_thread_blocked, id=29720, stack(0x000000001a510000,0x000000001a610000)]
=>0x000000001948c800 JavaThread "C2 CompilerThread2" daemon [_thread_in_native, id=29584, stack(0x000000001a410000,0x000000001a510000)]
  0x0000000019488800 JavaThread "C2 CompilerThread1" daemon [_thread_blocked, id=20060, stack(0x000000001a310000,0x000000001a410000)]
  0x0000000019432800 JavaThread "C2 CompilerThread0" daemon [_thread_blocked, id=28160, stack(0x000000001a210000,0x000000001a310000)]
  0x0000000019423800 JavaThread "JDWP Command Reader" daemon [_thread_in_native, id=20096, stack(0x000000001a110000,0x000000001a210000)]
  0x0000000019420800 JavaThread "JDWP Event Helper Thread" daemon [_thread_blocked, id=9512, stack(0x000000001a010000,0x000000001a110000)]
  0x000000001941e000 JavaThread "JDWP Transport Listener: dt_socket" daemon [_thread_blocked, id=4596, stack(0x0000000019f10000,0x000000001a010000)]
  0x0000000019407800 JavaThread "Attach Listener" daemon [_thread_blocked, id=19156, stack(0x0000000019ad0000,0x0000000019bd0000)]
  0x0000000019406800 JavaThread "Signal Dispatcher" daemon [_thread_blocked, id=19732, stack(0x00000000199d0000,0x0000000019ad0000)]
  0x00000000193f0800 JavaThread "Finalizer" daemon [_thread_blocked, id=12340, stack(0x00000000197d0000,0x00000000198d0000)]
  0x00000000174fe800 JavaThread "Reference Handler" daemon [_thread_blocked, id=10800, stack(0x00000000192d0000,0x00000000193d0000)]
  0x00000000024c9800 JavaThread "main" [_thread_blocked, id=8544, stack(0x00000000023c0000,0x00000000024c0000)]

Other Threads:
  0x00000000174f5800 VMThread [stack: 0x00000000191d0000,0x00000000192d0000] [id=16324]
  0x000000001ae73800 WatcherThread [stack: 0x000000001c1e0000,0x000000001c2e0000] [id=31264]

VM state:not at safepoint (normal execution)

VM Mutex/Monitor currently owned by a thread: None

OutOfMemory and StackOverflow Exception counts:
OutOfMemoryError java_heap_errors=1

heap address: 0x0000000082000000, size: 2016 MB, Compressed Oops mode: 32-bit
Narrow klass base: 0x0000000000000000, Narrow klass shift: 3
Compressed class space size: 1073741824 Address: 0x0000000100000000

Heap:
 PSYoungGen      total 70656K, used 3018K [0x00000000d6000000, 0x00000000daa00000, 0x0000000100000000)
  eden space 65536K, 4% used [0x00000000d6000000,0x00000000d62f2918,0x00000000da000000)
  from space 5120K, 0% used [0x00000000da500000,0x00000000da500000,0x00000000daa00000)
  to   space 5120K, 0% used [0x00000000da000000,0x00000000da000000,0x00000000da500000)
 ParOldGen       total 44544K, used 4922K [0x0000000082000000, 0x0000000084b80000, 0x00000000d6000000)
  object space 44544K, 11% used [0x0000000082000000,0x00000000824cea98,0x0000000084b80000)
 Metaspace       used 15932K, capacity 16390K, committed 16512K, reserved 1064960K
  class space    used 1992K, capacity 2096K, committed 2176K, reserved 1048576K

Card table byte_map: [0x0000000011980000,0x0000000011d80000] byte_map_base: 0x0000000011570000

Marking Bits: (ParMarkBitMap*) 0x000000006f0ebe30
 Begin Bits: [0x0000000012820000, 0x00000000147a0000)
 End Bits:   [0x00000000147a0000, 0x0000000016720000)

Polling page: 0x00000000008f0000

CodeCache: size=245760Kb used=4727Kb max_used=4741Kb free=241032Kb
 bounds [0x00000000025c0000, 0x0000000002a70000, 0x00000000115c0000]
 total_blobs=1790 nmethods=1421 adapters=288
 compilation: enabled

Compilation events (10 events):
Event: 58.604 Thread 0x0000000019432800 nmethod 1497 0x0000000002a55750 code [0x0000000002a558a0, 0x0000000002a55ab8]
Event: 58.605 Thread 0x000000001948f000 nmethod 1504 0x0000000002a5af10 code [0x0000000002a5b280, 0x0000000002a5d1c8]
Event: 58.605 Thread 0x000000001948f000 1506       3       java.util.stream.AbstractPipeline::wrapSink (37 bytes)
Event: 58.605 Thread 0x000000001948f000 nmethod 1506 0x0000000002a54f50 code [0x0000000002a55100, 0x0000000002a55558]
Event: 58.605 Thread 0x000000001948f000 1507       3       java.lang.CharSequence$1CharIterator::hasNext (22 bytes)
Event: 58.605 Thread 0x000000001948f000 nmethod 1507 0x0000000002a54a90 code [0x0000000002a54c00, 0x0000000002a54e88]
Event: 58.605 Thread 0x000000001948f000 1505       3       java.util.stream.AbstractPipeline::sourceSpliterator (265 bytes)
Event: 58.607 Thread 0x000000001948f000 nmethod 1505 0x0000000002a59410 code [0x0000000002a59660, 0x0000000002a5a688]
Event: 58.607 Thread 0x000000001948f000 1508       3       org.springframework.util.Assert::state (14 bytes)
Event: 58.607 Thread 0x000000001948f000 nmethod 1508 0x0000000002a58f10 code [0x0000000002a59080, 0x0000000002a592c8]

GC Heap History (6 events):
Event: 26.187 GC heap before
{Heap before GC invocations=1 (full 0):
 PSYoungGen      total 37888K, used 32768K [0x00000000d6000000, 0x00000000d8a00000, 0x0000000100000000)
  eden space 32768K, 100% used [0x00000000d6000000,0x00000000d8000000,0x00000000d8000000)
  from space 5120K, 0% used [0x00000000d8500000,0x00000000d8500000,0x00000000d8a00000)
  to   space 5120K, 0% used [0x00000000d8000000,0x00000000d8000000,0x00000000d8500000)
 ParOldGen       total 86016K, used 0K [0x0000000082000000, 0x0000000087400000, 0x00000000d6000000)
  object space 86016K, 0% used [0x0000000082000000,0x0000000082000000,0x0000000087400000)
 Metaspace       used 10275K, capacity 10492K, committed 10624K, reserved 1058816K
  class space    used 1215K, capacity 1304K, committed 1408K, reserved 1048576K
Event: 26.608 GC heap after
Heap after GC invocations=1 (full 0):
 PSYoungGen      total 37888K, used 4346K [0x00000000d6000000, 0x00000000daa00000, 0x0000000100000000)
  eden space 32768K, 0% used [0x00000000d6000000,0x00000000d6000000,0x00000000d8000000)
  from space 5120K, 84% used [0x00000000d8000000,0x00000000d843e938,0x00000000d8500000)
  to   space 5120K, 0% used [0x00000000da500000,0x00000000da500000,0x00000000daa00000)
 ParOldGen       total 86016K, used 16K [0x0000000082000000, 0x0000000087400000, 0x00000000d6000000)
  object space 86016K, 0% used [0x0000000082000000,0x0000000082004000,0x0000000087400000)
 Metaspace       used 10275K, capacity 10492K, committed 10624K, reserved 1058816K
  class space    used 1215K, capacity 1304K, committed 1408K, reserved 1048576K
}
Event: 27.863 GC heap before
{Heap before GC invocations=2 (full 0):
 PSYoungGen      total 37888K, used 37097K [0x00000000d6000000, 0x00000000daa00000, 0x0000000100000000)
  eden space 32768K, 99% used [0x00000000d6000000,0x00000000d7ffbe70,0x00000000d8000000)
  from space 5120K, 84% used [0x00000000d8000000,0x00000000d843e938,0x00000000d8500000)
  to   space 5120K, 0% used [0x00000000da500000,0x00000000da500000,0x00000000daa00000)
 ParOldGen       total 86016K, used 16K [0x0000000082000000, 0x0000000087400000, 0x00000000d6000000)
  object space 86016K, 0% used [0x0000000082000000,0x0000000082004000,0x0000000087400000)
 Metaspace       used 10616K, capacity 10846K, committed 11136K, reserved 1058816K
  class space    used 1250K, capacity 1337K, committed 1408K, reserved 1048576K
Event: 28.367 GC heap after
Heap after GC invocations=2 (full 0):
 PSYoungGen      total 70656K, used 5094K [0x00000000d6000000, 0x00000000daa00000, 0x0000000100000000)
  eden space 65536K, 0% used [0x00000000d6000000,0x00000000d6000000,0x00000000da000000)
  from space 5120K, 99% used [0x00000000da500000,0x00000000da9f9838,0x00000000daa00000)
  to   space 5120K, 0% used [0x00000000da000000,0x00000000da000000,0x00000000da500000)
 ParOldGen       total 86016K, used 1941K [0x0000000082000000, 0x0000000087400000, 0x00000000d6000000)
  object space 86016K, 2% used [0x0000000082000000,0x00000000821e5588,0x0000000087400000)
 Metaspace       used 10616K, capacity 10846K, committed 11136K, reserved 1058816K
  class space    used 1250K, capacity 1337K, committed 1408K, reserved 1048576K
}
Event: 48.650 GC heap before
{Heap before GC invocations=3 (full 0):
 PSYoungGen      total 70656K, used 70630K [0x00000000d6000000, 0x00000000daa00000, 0x0000000100000000)
  eden space 65536K, 100% used [0x00000000d6000000,0x00000000da000000,0x00000000da000000)
  from space 5120K, 99% used [0x00000000da500000,0x00000000da9f9838,0x00000000daa00000)
  to   space 5120K, 0% used [0x00000000da000000,0x00000000da000000,0x00000000da500000)
 ParOldGen       total 86016K, used 1941K [0x0000000082000000, 0x0000000087400000, 0x00000000d6000000)
  object space 86016K, 2% used [0x0000000082000000,0x00000000821e5588,0x0000000087400000)
 Metaspace       used 14374K, capacity 14778K, committed 14976K, reserved 1062912K
  class space    used 1726K, capacity 1876K, committed 1920K, reserved 1048576K
Event: 48.666 GC heap after
Heap after GC invocations=3 (full 0):
 PSYoungGen      total 70656K, used 5096K [0x00000000d6000000, 0x00000000daa00000, 0x0000000100000000)
  eden space 65536K, 0% used [0x00000000d6000000,0x00000000d6000000,0x00000000da000000)
  from space 5120K, 99% used [0x00000000da000000,0x00000000da4fa258,0x00000000da500000)
  to   space 5120K, 0% used [0x00000000da500000,0x00000000da500000,0x00000000daa00000)
 ParOldGen       total 86016K, used 4795K [0x0000000082000000, 0x0000000087400000, 0x00000000d6000000)
  object space 86016K, 5% used [0x0000000082000000,0x00000000824aec48,0x0000000087400000)
 Metaspace       used 14374K, capacity 14778K, committed 14976K, reserved 1062912K
  class space    used 1726K, capacity 1876K, committed 1920K, reserved 1048576K
}

Deoptimization events (10 events):
Event: 58.586 Thread 0x000000001b6ec800 Uncommon trap: reason=range_check action=none pc=0x00000000028f219c method=sun.reflect.generics.parser.SignatureParser.current()C @ 34
Event: 58.586 Thread 0x000000001b6ec800 Uncommon trap: reason=range_check action=none pc=0x00000000028f219c method=sun.reflect.generics.parser.SignatureParser.current()C @ 34
Event: 58.586 Thread 0x000000001b6ec800 Uncommon trap: reason=range_check action=none pc=0x00000000028f219c method=sun.reflect.generics.parser.SignatureParser.current()C @ 34
Event: 58.588 Thread 0x000000001b6ec800 Uncommon trap: reason=range_check action=none pc=0x00000000028f219c method=sun.reflect.generics.parser.SignatureParser.current()C @ 34
Event: 58.589 Thread 0x000000001b6ec800 Uncommon trap: reason=range_check action=none pc=0x00000000028f219c method=sun.reflect.generics.parser.SignatureParser.current()C @ 34
Event: 58.589 Thread 0x000000001b6ec800 Uncommon trap: reason=range_check action=none pc=0x00000000028f219c method=sun.reflect.generics.parser.SignatureParser.current()C @ 34
Event: 58.590 Thread 0x000000001b6ec800 Uncommon trap: reason=range_check action=none pc=0x00000000028f219c method=sun.reflect.generics.parser.SignatureParser.current()C @ 34
Event: 58.598 Thread 0x000000001b6ec800 Uncommon trap: reason=range_check action=none pc=0x00000000028f219c method=sun.reflect.generics.parser.SignatureParser.current()C @ 34
Event: 58.598 Thread 0x000000001b6ec800 Uncommon trap: reason=range_check action=none pc=0x00000000028f219c method=sun.reflect.generics.parser.SignatureParser.current()C @ 34
Event: 58.599 Thread 0x000000001b6ec800 Uncommon trap: reason=range_check action=none pc=0x00000000028f219c method=sun.reflect.generics.parser.SignatureParser.current()C @ 34

Classes redefined (0 events):
No events

Internal exceptions (10 events):
Event: 58.586 Thread 0x000000001b6ec800 Exception <a 'java/lang/ArrayIndexOutOfBoundsException': 65> (0x00000000d7215590) thrown at [C:\ade\jenkins\workspace\8-2-build-windows-amd64-cygwin\jdk8u241\331\hotspot\src\share\vm\interpreter\interpreterRuntime.cpp, line 368]
Event: 58.586 Thread 0x000000001b6ec800 Exception <a 'java/lang/ArrayIndexOutOfBoundsException': 83> (0x00000000d7216770) thrown at [C:\ade\jenkins\workspace\8-2-build-windows-amd64-cygwin\jdk8u241\331\hotspot\src\share\vm\interpreter\interpreterRuntime.cpp, line 368]
Event: 58.588 Thread 0x000000001b6ec800 Exception <a 'java/lang/ArrayIndexOutOfBoundsException': 80> (0x00000000d7218e28) thrown at [C:\ade\jenkins\workspace\8-2-build-windows-amd64-cygwin\jdk8u241\331\hotspot\src\share\vm\interpreter\interpreterRuntime.cpp, line 368]
Event: 58.589 Thread 0x000000001b6ec800 Exception <a 'java/lang/ArrayIndexOutOfBoundsException': 37> (0x00000000d721b258) thrown at [C:\ade\jenkins\workspace\8-2-build-windows-amd64-cygwin\jdk8u241\331\hotspot\src\share\vm\interpreter\interpreterRuntime.cpp, line 368]
Event: 58.589 Thread 0x000000001b6ec800 Exception <a 'java/lang/ArrayIndexOutOfBoundsException': 67> (0x00000000d721c448) thrown at [C:\ade\jenkins\workspace\8-2-build-windows-amd64-cygwin\jdk8u241\331\hotspot\src\share\vm\interpreter\interpreterRuntime.cpp, line 368]
Event: 58.590 Thread 0x000000001b6ec800 Exception <a 'java/lang/ArrayIndexOutOfBoundsException': 38> (0x00000000d721efc0) thrown at [C:\ade\jenkins\workspace\8-2-build-windows-amd64-cygwin\jdk8u241\331\hotspot\src\share\vm\interpreter\interpreterRuntime.cpp, line 368]
Event: 58.598 Thread 0x000000001b6ec800 Exception <a 'java/lang/ArrayIndexOutOfBoundsException': 23> (0x00000000d7235ac0) thrown at [C:\ade\jenkins\workspace\8-2-build-windows-amd64-cygwin\jdk8u241\331\hotspot\src\share\vm\interpreter\interpreterRuntime.cpp, line 368]
Event: 58.598 Thread 0x000000001b6ec800 Exception <a 'java/lang/ArrayIndexOutOfBoundsException': 160> (0x00000000d7237790) thrown at [C:\ade\jenkins\workspace\8-2-build-windows-amd64-cygwin\jdk8u241\331\hotspot\src\share\vm\interpreter\interpreterRuntime.cpp, line 368]
Event: 58.600 Thread 0x000000001b6ec800 Exception <a 'java/lang/ArrayIndexOutOfBoundsException': 83> (0x00000000d723f978) thrown at [C:\ade\jenkins\workspace\8-2-build-windows-amd64-cygwin\jdk8u241\331\hotspot\src\share\vm\interpreter\interpreterRuntime.cpp, line 368]
Event: 58.609 Thread 0x000000001b1c8000 Exception <a 'java/lang/OutOfMemoryError'> (0x00000000d72b4088) thrown at [C:\ade\jenkins\workspace\8-2-build-windows-amd64-cygwin\jdk8u241\331\hotspot\src\share\vm\prims\jni.cpp, line 736]

Events (10 events):
Event: 58.599 Thread 0x000000001b6ec800 DEOPT PACKING pc=0x00000000028f219c sp=0x000000001c81d0f0
Event: 58.599 Thread 0x000000001b6ec800 DEOPT UNPACKING pc=0x000000000260583b sp=0x000000001c81d088 mode 2
Event: 58.604 loading class org/springframework/context/annotation/AnnotationConfigApplicationContext
Event: 58.604 loading class org/springframework/context/annotation/AnnotationConfigApplicationContext done
Event: 58.604 Thread 0x000000001b6ec800 DEOPT PACKING pc=0x0000000002894041 sp=0x000000001c81d350
Event: 58.604 Thread 0x000000001b6ec800 DEOPT UNPACKING pc=0x0000000002607890 sp=0x000000001c81d0a0 mode 1
Event: 58.605 Thread 0x000000001b6ec800 DEOPT PACKING pc=0x000000000282117c sp=0x000000001c81d3d0
Event: 58.605 Thread 0x000000001b6ec800 DEOPT UNPACKING pc=0x0000000002607890 sp=0x000000001c81d1f0 mode 1
Event: 58.605 Thread 0x000000001b6ec800 DEOPT PACKING pc=0x0000000002820f14 sp=0x000000001c81d560
Event: 58.605 Thread 0x000000001b6ec800 DEOPT UNPACKING pc=0x0000000002607890 sp=0x000000001c81d380 mode 1


Dynamic libraries:
0x00007ff634bf0000 - 0x00007ff634c27000 	C:\Program Files\Java\jre1.8.0_241\bin\javaw.exe
0x00007ffd0c3a0000 - 0x00007ffd0c590000 	C:\WINDOWS\SYSTEM32\ntdll.dll
0x00007ffd0b7b0000 - 0x00007ffd0b862000 	C:\WINDOWS\System32\KERNEL32.DLL
0x00007ffd09740000 - 0x00007ffd099e3000 	C:\WINDOWS\System32\KERNELBASE.dll
0x00007ffd0a9f0000 - 0x00007ffd0aa93000 	C:\WINDOWS\System32\ADVAPI32.dll
0x00007ffd0aaa0000 - 0x00007ffd0ab3e000 	C:\WINDOWS\System32\msvcrt.dll
0x00007ffd0a500000 - 0x00007ffd0a597000 	C:\WINDOWS\System32\sechost.dll
0x00007ffd0c0c0000 - 0x00007ffd0c1e0000 	C:\WINDOWS\System32\RPCRT4.dll
0x00007ffd0a7d0000 - 0x00007ffd0a964000 	C:\WINDOWS\System32\USER32.dll
0x00007ffd09710000 - 0x00007ffd09731000 	C:\WINDOWS\System32\win32u.dll
0x00007ffd0b230000 - 0x00007ffd0b256000 	C:\WINDOWS\System32\GDI32.dll
0x00007ffd09a50000 - 0x00007ffd09be4000 	C:\WINDOWS\System32\gdi32full.dll
0x00007ffd09670000 - 0x00007ffd0970e000 	C:\WINDOWS\System32\msvcp_win.dll
0x00007ffd09570000 - 0x00007ffd0966a000 	C:\WINDOWS\System32\ucrtbase.dll
0x00007ffd00450000 - 0x00007ffd006d5000 	C:\WINDOWS\WinSxS\amd64_microsoft.windows.common-controls_6595b64144ccf1df_6.0.18362.778_none_e6c6b761130d4fb8\COMCTL32.dll
0x00007ffd0b870000 - 0x00007ffd0bba6000 	C:\WINDOWS\System32\combase.dll
0x00007ffd094f0000 - 0x00007ffd09570000 	C:\WINDOWS\System32\bcryptPrimitives.dll
0x00007ffd0a650000 - 0x00007ffd0a67e000 	C:\WINDOWS\System32\IMM32.DLL
0x000000006de50000 - 0x000000006df22000 	C:\Program Files\Java\jre1.8.0_241\bin\msvcr100.dll
0x000000006e8c0000 - 0x000000006f16c000 	C:\Program Files\Java\jre1.8.0_241\bin\server\jvm.dll
0x00007ffd0bfe0000 - 0x00007ffd0bfe8000 	C:\WINDOWS\System32\PSAPI.DLL
0x00007ffd00710000 - 0x00007ffd00734000 	C:\WINDOWS\SYSTEM32\WINMM.dll
0x00007ffd009f0000 - 0x00007ffd009fa000 	C:\WINDOWS\SYSTEM32\VERSION.dll
0x00007ffd003f0000 - 0x00007ffd003f9000 	C:\WINDOWS\SYSTEM32\WSOCK32.dll
0x00007ffd0bf00000 - 0x00007ffd0bf6f000 	C:\WINDOWS\System32\WS2_32.dll
0x00007ffd006e0000 - 0x00007ffd0070d000 	C:\WINDOWS\SYSTEM32\WINMMBASE.dll
0x00007ffd094a0000 - 0x00007ffd094ea000 	C:\WINDOWS\System32\cfgmgr32.dll
0x00007ffcf4a80000 - 0x00007ffcf4a8f000 	C:\Program Files\Java\jre1.8.0_241\bin\verify.dll
0x00007ffcd7390000 - 0x00007ffcd73b9000 	C:\Program Files\Java\jre1.8.0_241\bin\java.dll
0x00007ffcedef0000 - 0x00007ffcedf25000 	C:\Program Files\Java\jre1.8.0_241\bin\jdwp.dll
0x00007ffcf12f0000 - 0x00007ffcf12f8000 	C:\Program Files\Java\jre1.8.0_241\bin\npt.dll
0x00007ffcd95b0000 - 0x00007ffcd95c6000 	C:\Program Files\Java\jre1.8.0_241\bin\zip.dll
0x00007ffd0ab40000 - 0x00007ffd0b225000 	C:\WINDOWS\System32\SHELL32.dll
0x00007ffd0a5a0000 - 0x00007ffd0a649000 	C:\WINDOWS\System32\shcore.dll
0x00007ffd09c20000 - 0x00007ffd0a3a0000 	C:\WINDOWS\System32\windows.storage.dll
0x00007ffd092b0000 - 0x00007ffd092d3000 	C:\WINDOWS\System32\profapi.dll
0x00007ffd092e0000 - 0x00007ffd0932a000 	C:\WINDOWS\System32\powrprof.dll
0x00007ffd09260000 - 0x00007ffd09270000 	C:\WINDOWS\System32\UMPDC.dll
0x00007ffd0a680000 - 0x00007ffd0a6d2000 	C:\WINDOWS\System32\shlwapi.dll
0x00007ffd09290000 - 0x00007ffd092a1000 	C:\WINDOWS\System32\kernel.appcore.dll
0x00007ffd09480000 - 0x00007ffd09497000 	C:\WINDOWS\System32\cryptsp.dll
0x00007ffcf12c0000 - 0x00007ffcf12c9000 	C:\Program Files\Java\jre1.8.0_241\bin\dt_socket.dll
0x00007ffcfbc20000 - 0x00007ffcfbc36000 	C:\WINDOWS\system32\napinsp.dll
0x00007ffcfbc00000 - 0x00007ffcfbc1a000 	C:\WINDOWS\system32\pnrpnsp.dll
0x00007ffd08a70000 - 0x00007ffd08ad7000 	C:\WINDOWS\System32\mswsock.dll
0x00007ffd08820000 - 0x00007ffd088ea000 	C:\WINDOWS\SYSTEM32\DNSAPI.dll
0x00007ffd0a6e0000 - 0x00007ffd0a6e8000 	C:\WINDOWS\System32\NSI.dll
0x00007ffd08780000 - 0x00007ffd087ba000 	C:\WINDOWS\SYSTEM32\IPHLPAPI.DLL
0x00007ffcfbbf0000 - 0x00007ffcfbbfe000 	C:\WINDOWS\System32\winrnr.dll
0x00007ffd05df0000 - 0x00007ffd05e0c000 	C:\WINDOWS\system32\NLAapi.dll
0x00007ffd03810000 - 0x00007ffd03825000 	C:\WINDOWS\system32\wshbth.dll
0x00007ffd01490000 - 0x00007ffd01507000 	C:\WINDOWS\System32\fwpuclnt.dll
0x00007ffd09bf0000 - 0x00007ffd09c16000 	C:\WINDOWS\System32\bcrypt.dll
0x00007ffcfe4a0000 - 0x00007ffcfe4aa000 	C:\Windows\System32\rasadhlp.dll
0x00007ffcf47c0000 - 0x00007ffcf47cd000 	C:\Program Files\Java\jre1.8.0_241\bin\management.dll
0x00007ffcd9460000 - 0x00007ffcd947a000 	C:\Program Files\Java\jre1.8.0_241\bin\net.dll
0x00007ffcd93f0000 - 0x00007ffcd9402000 	C:\Program Files\Java\jre1.8.0_241\bin\nio.dll
0x00007ffd085e0000 - 0x00007ffd08613000 	C:\WINDOWS\system32\rsaenh.dll
0x00007ffd09150000 - 0x00007ffd09175000 	C:\WINDOWS\SYSTEM32\USERENV.dll
0x00007ffd08c40000 - 0x00007ffd08c4c000 	C:\WINDOWS\SYSTEM32\CRYPTBASE.dll
0x00007ffd01a90000 - 0x00007ffd01aa6000 	C:\WINDOWS\SYSTEM32\dhcpcsvc6.DLL
0x00007ffd01c80000 - 0x00007ffd01c9c000 	C:\WINDOWS\SYSTEM32\dhcpcsvc.DLL

VM Arguments:
jvm_args: -agentlib:jdwp=transport=dt_socket,suspend=y,address=localhost:62834 -Dcom.sun.management.jmxremote -Dcom.sun.management.jmxremote.port=62733 -Dcom.sun.management.jmxremote.authenticate=false -Dcom.sun.management.jmxremote.ssl=false -Djava.rmi.server.hostname=localhost -Dspring.jmx.enabled=true -Dspring.application.admin.enabled=true -Dspring.boot.project.name=booking-ms -Dfile.encoding=UTF-8 
java_command: com.capg.mms.booking.MmsBookingApplication --spring.output.ansi.enabled=always
java_class_path (initial): C:\Users\kumar\git\capg-bvrit-b1-online-movie-ticket-system\booking-ms\target\classes;C:\Users\kumar\.m2\repository\org\springframework\cloud\spring-cloud-starter-netflix-eureka-client\2.2.2.RELEASE\spring-cloud-starter-netflix-eureka-client-2.2.2.RELEASE.jar;C:\Users\kumar\.m2\repository\org\springframework\cloud\spring-cloud-starter\2.2.2.RELEASE\spring-cloud-starter-2.2.2.RELEASE.jar;C:\Users\kumar\.m2\repository\org\springframework\cloud\spring-cloud-context\2.2.2.RELEASE\spring-cloud-context-2.2.2.RELEASE.jar;C:\Users\kumar\.m2\repository\org\springframework\security\spring-security-crypto\5.2.2.RELEASE\spring-security-crypto-5.2.2.RELEASE.jar;C:\Users\kumar\.m2\repository\org\springframework\cloud\spring-cloud-commons\2.2.2.RELEASE\spring-cloud-commons-2.2.2.RELEASE.jar;C:\Users\kumar\.m2\repository\org\springframework\security\spring-security-rsa\1.0.9.RELEASE\spring-security-rsa-1.0.9.RELEASE.jar;C:\Users\kumar\.m2\repository\org\bouncycastle\bcpkix-jdk15on\1.64\bcpkix-jdk15on-1.64.jar;C:\Users\kumar\.m2\repository\org\bouncycastle\bcprov-jdk15on\1.64\bcprov-jdk15on-1.64.jar;C:\Users\kumar\.m2\repository\org\springframework\cloud\spring-cloud-netflix-hystrix\2.2.2.RELEASE\spring-cloud-netflix-hystrix-2.2.2.RELEASE.jar;C:\Users\kumar\.m2\repository\org\springframework\cloud\spring-cloud-netflix-eureka-client\2.2.2.RELEASE\spring-cloud-netflix-eureka-client-2.2.2.RELEASE.jar;C:\Users\kumar\.m2\repository\com\netflix\eureka\eureka-client\1.9.17\eureka-client-1.9.17.jar;C:\Users\kumar\.m2\repository\org\codehaus\jettison\jettison\1.3.7\jettison-1.3.7.jar;C:\Users\kumar\.m2\repository\stax\stax-api\1.0.1\stax-api-1.0.1.jar;C:\Users\kumar\.m2\repository\com\netflix\netflix-commons\netflix-eventbus\0.3.0\netflix-eventbus-0.3.0.jar;C:\Users\kumar\.m2\repository\com\netflix\netflix-commons\netflix-infix\0.3.0\netflix-infix-0.3.0.jar;C:\Users\kumar\.m2\repository\commons-jxpath\commons-jxpath\1.3\commons-jxpath-1.3.jar;C:\Users\kumar\.m2\r
Launcher Type: SUN_STANDARD

Environment Variables:
PATH=C:/Program Files/Java/jre1.8.0_241/bin/server;C:/Program Files/Java/jre1.8.0_241/bin;C:/Program Files/Java/jre1.8.0_241/lib/amd64;C:\oraclexe\app\oracle\product\11.2.0\server\bin;;V:\app\Revanth\product\11.2.0\dbhome_4\bin;C:\Program Files (x86)\Common Files\Oracle\Java\javapath;C:\Program Files (x86)\Intel\Intel(R) Management Engine Components\iCLS\;C:\Program Files\Intel\Intel(R) Management Engine Components\iCLS\;C:\WINDOWS\system32;C:\WINDOWS;C:\WINDOWS\System32\Wbem;C:\WINDOWS\System32\WindowsPowerShell\v1.0\;C:\Program Files (x86)\Intel\Intel(R) Management Engine Components\DAL;C:\Program Files\Intel\Intel(R) Management Engine Components\DAL;C:\Program Files (x86)\Intel\Intel(R) Management Engine Components\IPT;C:\Program Files\Intel\Intel(R) Management Engine Components\IPT;C:\Program Files\nodejs\;C:\WINDOWS\System32\OpenSSH\;C:\Program Files\MySQL\MySQL Utilities 1.6\;C:\Program Files\MySQL\MySQL Shell 8.0\bin\;C:\Users\kumar\AppData\Local\Microsoft\WindowsApps;;C:\Microsoft VS Code\bin;C:\Users\kumar\AppData\Roaming\npm;C:\Users\kumar\Downloads\sts-4.5.1.RELEASE;
USERNAME=Revanth
OS=Windows_NT
PROCESSOR_IDENTIFIER=Intel64 Family 6 Model 142 Stepping 10, GenuineIntel



---------------  S Y S T E M  ---------------

OS: Windows 10.0 , 64 bit Build 18362 (10.0.18362.778)

CPU:total 8 (initial active 8) (4 cores per cpu, 2 threads per core) family 6 model 142 stepping 10, cmov, cx8, fxsr, mmx, sse, sse2, sse3, ssse3, sse4.1, sse4.2, popcnt, avx, avx2, aes, clmul, erms, 3dnowpref, lzcnt, ht, tsc, tscinvbit, bmi1, bmi2, adx

Memory: 4k page, physical 8250512k(389788k free), swap 33416336k(243432k free)

vm_info: Java HotSpot(TM) 64-Bit Server VM (25.241-b07) for windows-amd64 JRE (1.8.0_241-b07), built on Dec 11 2019 10:21:40 by "rejava" with MS VC++ 10.0 (VS2010)

time: Mon May 11 17:31:12 2020
timezone: India Standard Time
elapsed time: 60 seconds (0d 0h 1m 0s)

